

***********************************************************************

***********************************************************************

***********************************************************************

***********************************************************************

***********************************************************************

***********************************************************************

***********************************************************************

***********************************************************************

***********************************************************************

***********************************************************************

***********************************************************************

***********************************************************************
Fatal NI connect error 12571, connecting to:
 (DESCRIPTION=(CONNECT_DATA=(SERVICE_NAME=P3_OCIBAG.local)(CID=(PROGRAM=C:\Documents and Settings\Administrator\바탕 화면\신규공유\imsi_backup\imsi_backup\TSK_COMM_BCR_20101228\bin\Debug\TSK_COMM_BCR.vshost.exe)(HOST=SLI_IYB)(USER=Administrator)))(ADDRESS=(PROTOCOL=TCP)(HOST=61.78.35.200)(PORT=1521)))

Fatal NI connect error 12571, connecting to:
 (DESCRIPTION=(CONNECT_DATA=(SERVICE_NAME=P3_OCIBAG.local)(CID=(PROGRAM=C:\Documents and Settings\Administrator\바탕 화면\신규공유\imsi_backup\imsi_backup\TSK_COMM_BCR_20101228\bin\Debug\TSK_COMM_BCR.vshost.exe)(HOST=SLI_IYB)(USER=Administrator)))(ADDRESS=(PROTOCOL=TCP)(HOST=61.78.35.200)(PORT=1521)))

Fatal NI connect error 12571, connecting to:
 (DESCRIPTION=(CONNECT_DATA=(SERVICE_NAME=P3_OCIBAG.local)(CID=(PROGRAM=C:\Documents and Settings\Administrator\바탕 화면\신규공유\imsi_backup\imsi_backup\TSK_COMM_BCR_20101228\bin\Debug\TSK_COMM_BCR.vshost.exe)(HOST=SLI_IYB)(USER=Administrator)))(ADDRESS=(PROTOCOL=TCP)(HOST=61.78.35.200)(PORT=1521)))

Fatal NI connect error 12571, connecting to:
 (DESCRIPTION=(CONNECT_DATA=(SERVICE_NAME=P3_OCIBAG.local)(CID=(PROGRAM=C:\Documents and Settings\Administrator\바탕 화면\신규공유\imsi_backup\imsi_backup\TSK_COMM_BCR_20101228\bin\Debug\TSK_COMM_BCR.vshost.exe)(HOST=SLI_IYB)(USER=Administrator)))(ADDRESS=(PROTOCOL=TCP)(HOST=61.78.35.200)(PORT=1521)))

Fatal NI connect error 12571, connecting to:
 (DESCRIPTION=(CONNECT_DATA=(SERVICE_NAME=P3_OCIBAG.local)(CID=(PROGRAM=C:\Documents and Settings\Administrator\바탕 화면\신규공유\imsi_backup\imsi_backup\TSK_COMM_BCR_20101228\bin\Debug\TSK_COMM_BCR.vshost.exe)(HOST=SLI_IYB)(USER=Administrator)))(ADDRESS=(PROTOCOL=TCP)(HOST=61.78.35.200)(PORT=1521)))

Fatal NI connect error 12571, connecting to:
 (DESCRIPTION=(CONNECT_DATA=(SERVICE_NAME=P3_OCIBAG.local)(CID=(PROGRAM=C:\Documents and Settings\Administrator\바탕 화면\신규공유\imsi_backup\imsi_backup\TSK_COMM_BCR_20101228\bin\Debug\TSK_COMM_BCR.vshost.exe)(HOST=SLI_IYB)(USER=Administrator)))(ADDRESS=(PROTOCOL=TCP)(HOST=61.78.35.200)(PORT=1521)))

Fatal NI connect error 12571, connecting to:
 (DESCRIPTION=(CONNECT_DATA=(SERVICE_NAME=P3_OCIBAG.local)(CID=(PROGRAM=C:\Documents and Settings\Administrator\바탕 화면\신규공유\imsi_backup\imsi_backup\TSK_COMM_BCR_20101228\bin\Debug\TSK_COMM_BCR.vshost.exe)(HOST=SLI_IYB)(USER=Administrator)))(ADDRESS=(PROTOCOL=TCP)(HOST=61.78.35.200)(PORT=1521)))

Fatal NI connect error 12571, connecting to:
 (DESCRIPTION=(CONNECT_DATA=(SERVICE_NAME=P3_OCIBAG.local)(CID=(PROGRAM=C:\Documents and Settings\Administrator\바탕 화면\신규공유\imsi_backup\imsi_backup\TSK_COMM_BCR_20101228\bin\Debug\TSK_COMM_BCR.vshost.exe)(HOST=SLI_IYB)(USER=Administrator)))(ADDRESS=(PROTOCOL=TCP)(HOST=61.78.35.200)(PORT=1521)))

Fatal NI connect error 12571, connecting to:
 (DESCRIPTION=(CONNECT_DATA=(SERVICE_NAME=P3_OCIBAG.local)(CID=(PROGRAM=C:\Documents and Settings\Administrator\바탕 화면\신규공유\imsi_backup\imsi_backup\TSK_COMM_BCR_20101228\bin\Debug\TSK_COMM_BCR.vshost.exe)(HOST=SLI_IYB)(USER=Administrator)))(ADDRESS=(PROTOCOL=TCP)(HOST=61.78.35.200)(PORT=1521)))

Fatal NI connect error 12571, connecting to:
 (DESCRIPTION=(CONNECT_DATA=(SERVICE_NAME=P3_OCIBAG.local)(CID=(PROGRAM=C:\Documents and Settings\Administrator\바탕 화면\신규공유\imsi_backup\imsi_backup\TSK_COMM_BCR_20101228\bin\Debug\TSK_COMM_BCR.vshost.exe)(HOST=SLI_IYB)(USER=Administrator)))(ADDRESS=(PROTOCOL=TCP)(HOST=61.78.35.200)(PORT=1521)))

Fatal NI connect error 12571, connecting to:
 (DESCRIPTION=(CONNECT_DATA=(SERVICE_NAME=P3_OCIBAG.local)(CID=(PROGRAM=C:\Documents and Settings\Administrator\바탕 화면\신규공유\imsi_backup\imsi_backup\TSK_COMM_BCR_20101228\bin\Debug\TSK_COMM_BCR.vshost.exe)(HOST=SLI_IYB)(USER=Administrator)))(ADDRESS=(PROTOCOL=TCP)(HOST=61.78.35.200)(PORT=1521)))

Fatal NI connect error 12571, connecting to:
 (DESCRIPTION=(CONNECT_DATA=(SERVICE_NAME=P3_OCIBAG.local)(CID=(PROGRAM=C:\Documents and Settings\Administrator\바탕 화면\신규공유\imsi_backup\imsi_backup\TSK_COMM_BCR_20101228\bin\Debug\TSK_COMM_BCR.vshost.exe)(HOST=SLI_IYB)(USER=Administrator)))(ADDRESS=(PROTOCOL=TCP)(HOST=61.78.35.200)(PORT=1521)))


***********************************************************************
Fatal NI connect error 12547, connecting to:
 (DESCRIPTION=(CONNECT_DATA=(SERVICE_NAME=P3_OCIBAG.local)(CID=(PROGRAM=C:\Documents and Settings\Administrator\바탕 화면\신규공유\imsi_backup\imsi_backup\TSK_COMM_BCR_20101228\bin\Debug\TSK_COMM_BCR.vshost.exe)(HOST=SLI_IYB)(USER=Administrator)))(ADDRESS=(PROTOCOL=TCP)(HOST=61.78.35.200)(PORT=1521)))


***********************************************************************

***********************************************************************
Fatal NI connect error 12547, connecting to:
 (DESCRIPTION=(CONNECT_DATA=(SERVICE_NAME=P3_OCIBAG.local)(CID=(PROGRAM=C:\Documents and Settings\Administrator\바탕 화면\신규공유\imsi_backup\imsi_backup\TSK_COMM_BCR_20101228\bin\Debug\TSK_COMM_BCR.vshost.exe)(HOST=SLI_IYB)(USER=Administrator)))(ADDRESS=(PROTOCOL=TCP)(HOST=61.78.35.200)(PORT=1521)))

Fatal NI connect error 12547, connecting to:
 (DESCRIPTION=(CONNECT_DATA=(SERVICE_NAME=P3_OCIBAG.local)(CID=(PROGRAM=C:\Documents and Settings\Administrator\바탕 화면\신규공유\imsi_backup\imsi_backup\TSK_COMM_BCR_20101228\bin\Debug\TSK_COMM_BCR.vshost.exe)(HOST=SLI_IYB)(USER=Administrator)))(ADDRESS=(PROTOCOL=TCP)(HOST=61.78.35.200)(PORT=1521)))


***********************************************************************
Fatal NI connect error 12547, connecting to:
 (DESCRIPTION=(CONNECT_DATA=(SERVICE_NAME=P3_OCIBAG.local)(CID=(PROGRAM=C:\Documents and Settings\Administrator\바탕 화면\신규공유\imsi_backup\imsi_backup\TSK_COMM_BCR_20101228\bin\Debug\TSK_COMM_BCR.vshost.exe)(HOST=SLI_IYB)(USER=Administrator)))(ADDRESS=(PROTOCOL=TCP)(HOST=61.78.35.200)(PORT=1521)))


***********************************************************************

***********************************************************************
Fatal NI connect error 12547, connecting to:
 (DESCRIPTION=(CONNECT_DATA=(SERVICE_NAME=P3_OCIBAG.local)(CID=(PROGRAM=C:\Documents and Settings\Administrator\바탕 화면\신규공유\imsi_backup\imsi_backup\TSK_COMM_BCR_20101228\bin\Debug\TSK_COMM_BCR.vshost.exe)(HOST=SLI_IYB)(USER=Administrator)))(ADDRESS=(PROTOCOL=TCP)(HOST=61.78.35.200)(PORT=1521)))

Fatal NI connect error 12547, connecting to:
 (DESCRIPTION=(CONNECT_DATA=(SERVICE_NAME=P3_OCIBAG.local)(CID=(PROGRAM=C:\Documents and Settings\Administrator\바탕 화면\신규공유\imsi_backup\imsi_backup\TSK_COMM_BCR_20101228\bin\Debug\TSK_COMM_BCR.vshost.exe)(HOST=SLI_IYB)(USER=Administrator)))(ADDRESS=(PROTOCOL=TCP)(HOST=61.78.35.200)(PORT=1521)))


***********************************************************************
Fatal NI connect error 12547, connecting to:
 (DESCRIPTION=(CONNECT_DATA=(SERVICE_NAME=P3_OCIBAG.local)(CID=(PROGRAM=C:\Documents and Settings\Administrator\바탕 화면\신규공유\imsi_backup\imsi_backup\TSK_COMM_BCR_20101228\bin\Debug\TSK_COMM_BCR.vshost.exe)(HOST=SLI_IYB)(USER=Administrator)))(ADDRESS=(PROTOCOL=TCP)(HOST=61.78.35.200)(PORT=1521)))


***********************************************************************

***********************************************************************
Fatal NI connect error 12547, connecting to:
 (DESCRIPTION=(CONNECT_DATA=(SERVICE_NAME=P3_OCIBAG.local)(CID=(PROGRAM=C:\Documents and Settings\Administrator\바탕 화면\신규공유\imsi_backup\imsi_backup\TSK_COMM_BCR_20101228\bin\Debug\TSK_COMM_BCR.vshost.exe)(HOST=SLI_IYB)(USER=Administrator)))(ADDRESS=(PROTOCOL=TCP)(HOST=61.78.35.200)(PORT=1521)))

Fatal NI connect error 12547, connecting to:
 (DESCRIPTION=(CONNECT_DATA=(SERVICE_NAME=P3_OCIBAG.local)(CID=(PROGRAM=C:\Documents and Settings\Administrator\바탕 화면\신규공유\imsi_backup\imsi_backup\TSK_COMM_BCR_20101228\bin\Debug\TSK_COMM_BCR.vshost.exe)(HOST=SLI_IYB)(USER=Administrator)))(ADDRESS=(PROTOCOL=TCP)(HOST=61.78.35.200)(PORT=1521)))


***********************************************************************
Fatal NI connect error 12547, connecting to:
 (DESCRIPTION=(CONNECT_DATA=(SERVICE_NAME=P3_OCIBAG.local)(CID=(PROGRAM=C:\Documents and Settings\Administrator\바탕 화면\신규공유\imsi_backup\imsi_backup\TSK_COMM_BCR_20101228\bin\Debug\TSK_COMM_BCR.vshost.exe)(HOST=SLI_IYB)(USER=Administrator)))(ADDRESS=(PROTOCOL=TCP)(HOST=61.78.35.200)(PORT=1521)))


***********************************************************************
Fatal NI connect error 12547, connecting to:
 (DESCRIPTION=(CONNECT_DATA=(SERVICE_NAME=P3_OCIBAG.local)(CID=(PROGRAM=C:\Documents and Settings\Administrator\바탕 화면\신규공유\imsi_backup\imsi_backup\TSK_COMM_BCR_20101228\bin\Debug\TSK_COMM_BCR.vshost.exe)(HOST=SLI_IYB)(USER=Administrator)))(ADDRESS=(PROTOCOL=TCP)(HOST=61.78.35.200)(PORT=1521)))


***********************************************************************
Fatal NI connect error 12547, connecting to:
 (DESCRIPTION=(CONNECT_DATA=(SERVICE_NAME=P3_OCIBAG.local)(CID=(PROGRAM=C:\Documents and Settings\Administrator\바탕 화면\신규공유\imsi_backup\imsi_backup\TSK_COMM_BCR_20101228\bin\Debug\TSK_COMM_BCR.vshost.exe)(HOST=SLI_IYB)(USER=Administrator)))(ADDRESS=(PROTOCOL=TCP)(HOST=61.78.35.200)(PORT=1521)))


***********************************************************************
Fatal NI connect error 12547, connecting to:
 (DESCRIPTION=(CONNECT_DATA=(SERVICE_NAME=P3_OCIBAG.local)(CID=(PROGRAM=C:\Documents and Settings\Administrator\바탕 화면\신규공유\imsi_backup\imsi_backup\TSK_COMM_BCR_20101228\bin\Debug\TSK_COMM_BCR.vshost.exe)(HOST=SLI_IYB)(USER=Administrator)))(ADDRESS=(PROTOCOL=TCP)(HOST=61.78.35.200)(PORT=1521)))


***********************************************************************
Fatal NI connect error 12547, connecting to:
 (DESCRIPTION=(CONNECT_DATA=(SERVICE_NAME=P3_OCIBAG.local)(CID=(PROGRAM=C:\Documents and Settings\Administrator\바탕 화면\신규공유\imsi_backup\imsi_backup\TSK_COMM_BCR_20101228\bin\Debug\TSK_COMM_BCR.vshost.exe)(HOST=SLI_IYB)(USER=Administrator)))(ADDRESS=(PROTOCOL=TCP)(HOST=61.78.35.200)(PORT=1521)))

  VERSION INFORMATION:
	TNS for 32-bit Windows: Version 10.2.0.1.0 - Production
	Windows NT TCP/IP NT Protocol Adapter for 32-bit Windows: Version 10.2.0.1.0 - Production

  VERSION INFORMATION:
	TNS for 32-bit Windows: Version 10.2.0.1.0 - Production
	Windows NT TCP/IP NT Protocol Adapter for 32-bit Windows: Version 10.2.0.1.0 - Production

  VERSION INFORMATION:
	TNS for 32-bit Windows: Version 10.2.0.1.0 - Production
	Windows NT TCP/IP NT Protocol Adapter for 32-bit Windows: Version 10.2.0.1.0 - Production

  VERSION INFORMATION:
	TNS for 32-bit Windows: Version 10.2.0.1.0 - Production
	Windows NT TCP/IP NT Protocol Adapter for 32-bit Windows: Version 10.2.0.1.0 - Production

  VERSION INFORMATION:
	TNS for 32-bit Windows: Version 10.2.0.1.0 - Production
	Windows NT TCP/IP NT Protocol Adapter for 32-bit Windows: Version 10.2.0.1.0 - Production

  VERSION INFORMATION:
	TNS for 32-bit Windows: Version 10.2.0.1.0 - Production
	Windows NT TCP/IP NT Protocol Adapter for 32-bit Windows: Version 10.2.0.1.0 - Production

  VERSION INFORMATION:
	TNS for 32-bit Windows: Version 10.2.0.1.0 - Production
	Windows NT TCP/IP NT Protocol Adapter for 32-bit Windows: Version 10.2.0.1.0 - Production

  VERSION INFORMATION:
	TNS for 32-bit Windows: Version 10.2.0.1.0 - Production
	Windows NT TCP/IP NT Protocol Adapter for 32-bit Windows: Version 10.2.0.1.0 - Production

  VERSION INFORMATION:
	TNS for 32-bit Windows: Version 10.2.0.1.0 - Production
	Windows NT TCP/IP NT Protocol Adapter for 32-bit Windows: Version 10.2.0.1.0 - Production

  VERSION INFORMATION:
	TNS for 32-bit Windows: Version 10.2.0.1.0 - Production
	Windows NT TCP/IP NT Protocol Adapter for 32-bit Windows: Version 10.2.0.1.0 - Production

  VERSION INFORMATION:
	TNS for 32-bit Windows: Version 10.2.0.1.0 - Production
	Windows NT TCP/IP NT Protocol Adapter for 32-bit Windows: Version 10.2.0.1.0 - Production

  VERSION INFORMATION:
	TNS for 32-bit Windows: Version 10.2.0.1.0 - Production
	Windows NT TCP/IP NT Protocol Adapter for 32-bit Windows: Version 10.2.0.1.0 - Production

  VERSION INFORMATION:
	TNS for 32-bit Windows: Version 10.2.0.1.0 - Production
	Windows NT TCP/IP NT Protocol Adapter for 32-bit Windows: Version 10.2.0.1.0 - Production

  VERSION INFORMATION:
	TNS for 32-bit Windows: Version 10.2.0.1.0 - Production
	Windows NT TCP/IP NT Protocol Adapter for 32-bit Windows: Version 10.2.0.1.0 - Production

  VERSION INFORMATION:
	TNS for 32-bit Windows: Version 10.2.0.1.0 - Production
	Windows NT TCP/IP NT Protocol Adapter for 32-bit Windows: Version 10.2.0.1.0 - Production

  VERSION INFORMATION:
	TNS for 32-bit Windows: Version 10.2.0.1.0 - Production
	Windows NT TCP/IP NT Protocol Adapter for 32-bit Windows: Version 10.2.0.1.0 - Production

  VERSION INFORMATION:
	TNS for 32-bit Windows: Version 10.2.0.1.0 - Production
	Windows NT TCP/IP NT Protocol Adapter for 32-bit Windows: Version 10.2.0.1.0 - Production

  VERSION INFORMATION:
	TNS for 32-bit Windows: Version 10.2.0.1.0 - Production
	Windows NT TCP/IP NT Protocol Adapter for 32-bit Windows: Version 10.2.0.1.0 - Production

  VERSION INFORMATION:
	TNS for 32-bit Windows: Version 10.2.0.1.0 - Production
	Windows NT TCP/IP NT Protocol Adapter for 32-bit Windows: Version 10.2.0.1.0 - Production

  VERSION INFORMATION:
	TNS for 32-bit Windows: Version 10.2.0.1.0 - Production
	Windows NT TCP/IP NT Protocol Adapter for 32-bit Windows: Version 10.2.0.1.0 - Production

  VERSION INFORMATION:
	TNS for 32-bit Windows: Version 10.2.0.1.0 - Production
	Windows NT TCP/IP NT Protocol Adapter for 32-bit Windows: Version 10.2.0.1.0 - Production

  VERSION INFORMATION:
	TNS for 32-bit Windows: Version 10.2.0.1.0 - Production
	Windows NT TCP/IP NT Protocol Adapter for 32-bit Windows: Version 10.2.0.1.0 - Production

  VERSION INFORMATION:
	TNS for 32-bit Windows: Version 10.2.0.1.0 - Production
	Windows NT TCP/IP NT Protocol Adapter for 32-bit Windows: Version 10.2.0.1.0 - Production

  VERSION INFORMATION:
	TNS for 32-bit Windows: Version 10.2.0.1.0 - Production
	Windows NT TCP/IP NT Protocol Adapter for 32-bit Windows: Version 10.2.0.1.0 - Production

  VERSION INFORMATION:
	TNS for 32-bit Windows: Version 10.2.0.1.0 - Production
	Windows NT TCP/IP NT Protocol Adapter for 32-bit Windows: Version 10.2.0.1.0 - Production

  VERSION INFORMATION:
	TNS for 32-bit Windows: Version 10.2.0.1.0 - Production
	Windows NT TCP/IP NT Protocol Adapter for 32-bit Windows: Version 10.2.0.1.0 - Production
  Time: 28-12월-2010 02:34:48
  Tracing not turned on.
  Tns error struct:
    ns main err code: 12571
      Time: 28-12월-2010 02:34:48
  Tracing not turned on.
  Tns error struct:
    ns main err code: 12571
      Time: 28-12월-2010 02:34:48
  Time: 28-12월-2010 02:34:48
  Time: 28-12월-2010 02:34:48
  Time: 28-12월-2010 02:34:48
  Time: 28-12월-2010 02:34:48
  Time: 28-12월-2010 02:34:48
  Tracing not turned on.
  Tracing not turned on.
  Time: 28-12월-2010 02:34:48
  Time: 28-12월-2010 02:34:48
  Time: 28-12월-2010 02:34:48
  Time: 28-12월-2010 02:34:48
  Tns error struct:
  Time: 28-12월-2010 02:34:48
  Tns error struct:
  Time: 28-12월-2010 02:34:48
  Tracing not turned on.
  Time: 28-12월-2010 02:34:48
  Time: 28-12월-2010 02:34:48
  Tracing not turned on.
  Tracing not turned on.
  Time: 28-12월-2010 02:34:48
  Tracing not turned on.
  Tracing not turned on.
  Time: 28-12월-2010 02:34:48
  Time: 28-12월-2010 02:34:48
  Time: 28-12월-2010 02:34:48
  Time: 28-12월-2010 02:34:48
  Time: 28-12월-2010 02:34:48
  Tracing not turned on.
  Tracing not turned on.
  Time: 28-12월-2010 02:34:48
  Tracing not turned on.
  Time: 28-12월-2010 02:34:48
    ns main err code: 12547
    ns main err code: 12547
  Tracing not turned on.
  Time: 28-12월-2010 02:34:48
  Tracing not turned on.
  Tracing not turned on.
  Tns error struct:
  Tracing not turned on.
  Time: 28-12월-2010 02:34:48
  Tns error struct:
  Tracing not turned on.
  Tns error struct:
  Tns error struct:
  Tns error struct:
  Tracing not turned on.
  Tracing not turned on.
  Tracing not turned on.
  Tracing not turned on.
  Tracing not turned on.
  Tns error struct:
  Tracing not turned on.
  Tns error struct:
  Tns error struct:
  Tracing not turned on.
          Tns error struct:
  Tracing not turned on.
  Tns error struct:
  Tns error struct:
    ns main err code: 12547
  Tns error struct:
  Tracing not turned on.
    ns main err code: 12547
  Tns error struct:
    ns main err code: 12547
    ns main err code: 12547
    ns main err code: 12571
  Tns error struct:
  Tns error struct:
  Tns error struct:
  Tns error struct:
  Tns error struct:
    ns main err code: 12571
  Tns error struct:
    ns main err code: 12547
    ns main err code: 12547
  Tns error struct:
    ns main err code: 12547
  Tns error struct:
    ns main err code: 12571
    ns main err code: 12547
        ns main err code: 12547
  Tns error struct:
        ns main err code: 12547
                ns main err code: 12571
    ns main err code: 12571
    ns main err code: 12571
    ns main err code: 12571
    ns main err code: 12571
        ns main err code: 12571
            ns main err code: 12547
        ns main err code: 12571
                ns main err code: 12547
                                        TNS-12571: TNS:패킷 기록자 실패
TNS-12571: TNS:패킷 기록자 실패
TNS-12547: TNS:연결이 끊어졌습니다
TNS-12547: TNS:연결이 끊어졌습니다
TNS-12547: TNS:연결이 끊어졌습니다
TNS-12547: TNS:연결이 끊어졌습니다
TNS-12547: TNS:연결이 끊어졌습니다
TNS-12547: TNS:연결이 끊어졌습니다
    ns secondary err code: 12560
TNS-12571: TNS:패킷 기록자 실패
TNS-12571: TNS:패킷 기록자 실패
    ns secondary err code: 12560
TNS-12547: TNS:연결이 끊어졌습니다
TNS-12547: TNS:연결이 끊어졌습니다
TNS-12571: TNS:패킷 기록자 실패
TNS-12547: TNS:연결이 끊어졌습니다
    ns secondary err code: 12560
TNS-12547: TNS:연결이 끊어졌습니다
TNS-12547: TNS:연결이 끊어졌습니다
    nt main err code: 530
    ns secondary err code: 12560
TNS-12547: TNS:연결이 끊어졌습니다
TNS-12571: TNS:패킷 기록자 실패
TNS-12571: TNS:패킷 기록자 실패
TNS-12571: TNS:패킷 기록자 실패
TNS-12571: TNS:패킷 기록자 실패
    ns secondary err code: 12560
    ns secondary err code: 12560
TNS-12571: TNS:패킷 기록자 실패
    nt main err code: 530
    ns secondary err code: 12560
    ns secondary err code: 12560
    nt main err code: 517
        nt main err code: 517
    ns secondary err code: 12560
    ns secondary err code: 12560
    nt main err code: 517
    nt main err code: 517
    ns secondary err code: 12560
    ns secondary err code: 12560
    nt main err code: 517
    ns secondary err code: 12560
    ns secondary err code: 12560
    nt main err code: 517
        ns secondary err code: 12560
    ns secondary err code: 12560
    ns secondary err code: 12560
        nt main err code: 530
    ns secondary err code: 12560
    nt main err code: 530
    ns secondary err code: 12560
    ns secondary err code: 12560
    ns secondary err code: 12560
            nt main err code: 517
    ns secondary err code: 12560
    nt main err code: 517
        nt main err code: 517
    nt main err code: 530
        nt main err code: 517
    nt main err code: 517
    nt main err code: 530
        nt main err code: 530
    nt main err code: 530
        nt main err code: 530
                                        nt main err code: 530
            nt main err code: 517
        TNS-12571: TNS:패킷 기록자 실패
TNS-12571: TNS:패킷 기록자 실패
TNS-12547: TNS:연결이 끊어졌습니다
TNS-00517: 연결이 끊어졌습니다
TNS-00517: 연결이 끊어졌습니다
TNS-00517: 연결이 끊어졌습니다
TNS-00517: 연결이 끊어졌습니다
TNS-00517: 연결이 끊어졌습니다
TNS-00517: 연결이 끊어졌습니다
TNS-00530: 프로토콜 어댑터 오류입니다
TNS-00530: 프로토콜 어댑터 오류입니다
TNS-00530: 프로토콜 어댑터 오류입니다
TNS-00517: 연결이 끊어졌습니다
TNS-12547: TNS:연결이 끊어졌습니다
TNS-00530: 프로토콜 어댑터 오류입니다
TNS-00530: 프로토콜 어댑터 오류입니다
TNS-00530: 프로토콜 어댑터 오류입니다
TNS-00530: 프로토콜 어댑터 오류입니다
TNS-00530: 프로토콜 어댑터 오류입니다
TNS-00517: 연결이 끊어졌습니다
TNS-00517: 연결이 끊어졌습니다
TNS-00517: 연결이 끊어졌습니다
TNS-00530: 프로토콜 어댑터 오류입니다
TNS-00517: 연결이 끊어졌습니다
TNS-00517: 연결이 끊어졌습니다
TNS-00530: 프로토콜 어댑터 오류입니다
    nt secondary err code: 54
    nt secondary err code: 54
    ns secondary err code: 12560
    nt secondary err code: 54
    nt secondary err code: 54
    nt secondary err code: 54
    nt secondary err code: 54
    ns secondary err code: 12560
    nt OS err code: 0
    nt main err code: 530
    nt OS err code: 0
    nt OS err code: 0
    nt OS err code: 0
    nt OS err code: 0
    nt OS err code: 0
    nt main err code: 517
    TNS-00517: 연결이 끊어졌습니다
    nt secondary err code: 54
    nt OS err code: 0
    TNS-00530: 프로토콜 어댑터 오류입니다
    nt secondary err code: 54
    nt OS err code: 0
    nt secondary err code: 54
    nt OS err code: 0
    nt secondary err code: 54
    nt OS err code: 0
    nt secondary err code: 54
    nt OS err code: 0
    nt secondary err code: 54
    nt OS err code: 0
    nt secondary err code: 54
    nt OS err code: 0
    nt secondary err code: 54
    nt OS err code: 0
    nt secondary err code: 54
    nt OS err code: 0
    nt secondary err code: 54
    nt OS err code: 0
    nt secondary err code: 54
    nt OS err code: 0
    nt secondary err code: 54
    nt OS err code: 0
    ns secondary err code: 12560
    nt main err code: 530
    TNS-00530: 프로토콜 어댑터 오류입니다
    nt secondary err code: 54
    nt OS err code: 0
    nt secondary err code: 54
    nt OS err code: 0
    nt secondary err code: 54
    nt OS err code: 0
    nt secondary err code: 54
    nt OS err code: 0
    nt secondary err code: 54
    nt OS err code: 0
    nt secondary err code: 54
    nt OS err code: 0
    ns secondary err code: 12560
    nt main err code: 517
    TNS-00517: 연결이 끊어졌습니다
    nt secondary err code: 54
    nt OS err code: 0
    nt secondary err code: 54
    nt OS err code: 0
